#! /usr/share/iverilog-0.9.7/bin/vvp
:ivl_version "0.9.7 " "(v0_9_6)";
:vpi_time_precision + 0;
:vpi_module "system";
:vpi_module "v2005_math";
:vpi_module "va_math";
S_0x2741ab0 .scope module, "lfsr_cypher" "lfsr_cypher" 2 26;
 .timescale 0 0;
v0x275c5b0_0 .var/i "char", 31 0;
v0x275c670_0 .var "clk", 0 0;
v0x275c720_0 .var "clr", 0 0;
v0x275c7d0_0 .var/i "f_in", 31 0;
v0x275c880_0 .var/i "f_out", 31 0;
v0x275c900_0 .var/i "i", 31 0;
v0x275c9c0_0 .var/i "j", 31 0;
v0x275ca60_0 .var "res", 0 0;
v0x275cb50_0 .var "s_in", 95480 0;
v0x275cbf0_0 .net "s_out", 0 0, L_0x275ccd0; 1 drivers
S_0x2741ba0 .scope module, "LFSR" "LFSR" 2 32, 3 1, S_0x2741ab0;
 .timescale 0 0;
v0x2741c90_0 .net "clear", 0 0, v0x275c720_0; 1 drivers
v0x275c320_0 .net "clock", 0 0, v0x275c670_0; 1 drivers
v0x275c3c0_0 .var "memory", 18 1;
v0x275c460_0 .alias "out", 0 0, v0x275cbf0_0;
v0x275c510_0 .var "retro", 0 0;
E_0x2731c00 .event posedge, v0x275c320_0;
L_0x275ccd0 .part v0x275c3c0_0, 17, 1;
    .scope S_0x2741ba0;
T_0 ;
    %set/v v0x275c3c0_0, 1, 18;
    %end;
    .thread T_0;
    .scope S_0x2741ba0;
T_1 ;
    %wait E_0x2731c00;
    %load/v 8, v0x2741c90_0, 1;
    %mov 9, 0, 2;
    %cmpi/u 8, 1, 3;
    %jmp/0xz  T_1.0, 4;
    %set/v v0x275c3c0_0, 1, 18;
T_1.0 ;
    %ix/load 1, 10, 0;
    %mov 4, 0, 1;
    %jmp/1 T_1.2, 4;
    %load/x1p 8, v0x275c3c0_0, 1;
    %jmp T_1.3;
T_1.2 ;
    %mov 8, 2, 1;
T_1.3 ;
; Save base=8 wid=1 in lookaside.
    %ix/load 1, 17, 0;
    %mov 4, 0, 1;
    %jmp/1 T_1.4, 4;
    %load/x1p 9, v0x275c3c0_0, 1;
    %jmp T_1.5;
T_1.4 ;
    %mov 9, 2, 1;
T_1.5 ;
; Save base=9 wid=1 in lookaside.
    %xor 8, 9, 1;
    %set/v v0x275c510_0, 8, 1;
    %ix/load 1, 16, 0;
    %mov 4, 0, 1;
    %jmp/1 T_1.6, 4;
    %load/x1p 8, v0x275c3c0_0, 1;
    %jmp T_1.7;
T_1.6 ;
    %mov 8, 2, 1;
T_1.7 ;
; Save base=8 wid=1 in lookaside.
    %ix/load 0, 1, 0;
    %ix/load 1, 17, 0;
    %assign/v0/x1 v0x275c3c0_0, 0, 8;
    %ix/load 1, 15, 0;
    %mov 4, 0, 1;
    %jmp/1 T_1.8, 4;
    %load/x1p 8, v0x275c3c0_0, 1;
    %jmp T_1.9;
T_1.8 ;
    %mov 8, 2, 1;
T_1.9 ;
; Save base=8 wid=1 in lookaside.
    %ix/load 0, 1, 0;
    %ix/load 1, 16, 0;
    %assign/v0/x1 v0x275c3c0_0, 0, 8;
    %ix/load 1, 14, 0;
    %mov 4, 0, 1;
    %jmp/1 T_1.10, 4;
    %load/x1p 8, v0x275c3c0_0, 1;
    %jmp T_1.11;
T_1.10 ;
    %mov 8, 2, 1;
T_1.11 ;
; Save base=8 wid=1 in lookaside.
    %ix/load 0, 1, 0;
    %ix/load 1, 15, 0;
    %assign/v0/x1 v0x275c3c0_0, 0, 8;
    %ix/load 1, 13, 0;
    %mov 4, 0, 1;
    %jmp/1 T_1.12, 4;
    %load/x1p 8, v0x275c3c0_0, 1;
    %jmp T_1.13;
T_1.12 ;
    %mov 8, 2, 1;
T_1.13 ;
; Save base=8 wid=1 in lookaside.
    %ix/load 0, 1, 0;
    %ix/load 1, 14, 0;
    %assign/v0/x1 v0x275c3c0_0, 0, 8;
    %ix/load 1, 12, 0;
    %mov 4, 0, 1;
    %jmp/1 T_1.14, 4;
    %load/x1p 8, v0x275c3c0_0, 1;
    %jmp T_1.15;
T_1.14 ;
    %mov 8, 2, 1;
T_1.15 ;
; Save base=8 wid=1 in lookaside.
    %ix/load 0, 1, 0;
    %ix/load 1, 13, 0;
    %assign/v0/x1 v0x275c3c0_0, 0, 8;
    %ix/load 1, 11, 0;
    %mov 4, 0, 1;
    %jmp/1 T_1.16, 4;
    %load/x1p 8, v0x275c3c0_0, 1;
    %jmp T_1.17;
T_1.16 ;
    %mov 8, 2, 1;
T_1.17 ;
; Save base=8 wid=1 in lookaside.
    %ix/load 0, 1, 0;
    %ix/load 1, 12, 0;
    %assign/v0/x1 v0x275c3c0_0, 0, 8;
    %ix/load 1, 10, 0;
    %mov 4, 0, 1;
    %jmp/1 T_1.18, 4;
    %load/x1p 8, v0x275c3c0_0, 1;
    %jmp T_1.19;
T_1.18 ;
    %mov 8, 2, 1;
T_1.19 ;
; Save base=8 wid=1 in lookaside.
    %ix/load 0, 1, 0;
    %ix/load 1, 11, 0;
    %assign/v0/x1 v0x275c3c0_0, 0, 8;
    %ix/load 1, 9, 0;
    %mov 4, 0, 1;
    %jmp/1 T_1.20, 4;
    %load/x1p 8, v0x275c3c0_0, 1;
    %jmp T_1.21;
T_1.20 ;
    %mov 8, 2, 1;
T_1.21 ;
; Save base=8 wid=1 in lookaside.
    %ix/load 0, 1, 0;
    %ix/load 1, 10, 0;
    %assign/v0/x1 v0x275c3c0_0, 0, 8;
    %ix/load 1, 8, 0;
    %mov 4, 0, 1;
    %jmp/1 T_1.22, 4;
    %load/x1p 8, v0x275c3c0_0, 1;
    %jmp T_1.23;
T_1.22 ;
    %mov 8, 2, 1;
T_1.23 ;
; Save base=8 wid=1 in lookaside.
    %ix/load 0, 1, 0;
    %ix/load 1, 9, 0;
    %assign/v0/x1 v0x275c3c0_0, 0, 8;
    %ix/load 1, 7, 0;
    %mov 4, 0, 1;
    %jmp/1 T_1.24, 4;
    %load/x1p 8, v0x275c3c0_0, 1;
    %jmp T_1.25;
T_1.24 ;
    %mov 8, 2, 1;
T_1.25 ;
; Save base=8 wid=1 in lookaside.
    %ix/load 0, 1, 0;
    %ix/load 1, 8, 0;
    %assign/v0/x1 v0x275c3c0_0, 0, 8;
    %ix/load 1, 6, 0;
    %mov 4, 0, 1;
    %jmp/1 T_1.26, 4;
    %load/x1p 8, v0x275c3c0_0, 1;
    %jmp T_1.27;
T_1.26 ;
    %mov 8, 2, 1;
T_1.27 ;
; Save base=8 wid=1 in lookaside.
    %ix/load 0, 1, 0;
    %ix/load 1, 7, 0;
    %assign/v0/x1 v0x275c3c0_0, 0, 8;
    %ix/load 1, 5, 0;
    %mov 4, 0, 1;
    %jmp/1 T_1.28, 4;
    %load/x1p 8, v0x275c3c0_0, 1;
    %jmp T_1.29;
T_1.28 ;
    %mov 8, 2, 1;
T_1.29 ;
; Save base=8 wid=1 in lookaside.
    %ix/load 0, 1, 0;
    %ix/load 1, 6, 0;
    %assign/v0/x1 v0x275c3c0_0, 0, 8;
    %ix/load 1, 4, 0;
    %mov 4, 0, 1;
    %jmp/1 T_1.30, 4;
    %load/x1p 8, v0x275c3c0_0, 1;
    %jmp T_1.31;
T_1.30 ;
    %mov 8, 2, 1;
T_1.31 ;
; Save base=8 wid=1 in lookaside.
    %ix/load 0, 1, 0;
    %ix/load 1, 5, 0;
    %assign/v0/x1 v0x275c3c0_0, 0, 8;
    %ix/load 1, 3, 0;
    %mov 4, 0, 1;
    %jmp/1 T_1.32, 4;
    %load/x1p 8, v0x275c3c0_0, 1;
    %jmp T_1.33;
T_1.32 ;
    %mov 8, 2, 1;
T_1.33 ;
; Save base=8 wid=1 in lookaside.
    %ix/load 0, 1, 0;
    %ix/load 1, 4, 0;
    %assign/v0/x1 v0x275c3c0_0, 0, 8;
    %ix/load 1, 2, 0;
    %mov 4, 0, 1;
    %jmp/1 T_1.34, 4;
    %load/x1p 8, v0x275c3c0_0, 1;
    %jmp T_1.35;
T_1.34 ;
    %mov 8, 2, 1;
T_1.35 ;
; Save base=8 wid=1 in lookaside.
    %ix/load 0, 1, 0;
    %ix/load 1, 3, 0;
    %assign/v0/x1 v0x275c3c0_0, 0, 8;
    %ix/load 1, 1, 0;
    %mov 4, 0, 1;
    %jmp/1 T_1.36, 4;
    %load/x1p 8, v0x275c3c0_0, 1;
    %jmp T_1.37;
T_1.36 ;
    %mov 8, 2, 1;
T_1.37 ;
; Save base=8 wid=1 in lookaside.
    %ix/load 0, 1, 0;
    %ix/load 1, 2, 0;
    %assign/v0/x1 v0x275c3c0_0, 0, 8;
    %load/v 8, v0x275c3c0_0, 1; Only need 1 of 18 bits
; Save base=8 wid=1 in lookaside.
    %ix/load 0, 1, 0;
    %ix/load 1, 1, 0;
    %assign/v0/x1 v0x275c3c0_0, 0, 8;
    %load/v 8, v0x275c510_0, 1;
    %ix/load 0, 1, 0;
    %ix/load 1, 0, 0;
    %assign/v0/x1 v0x275c3c0_0, 0, 8;
    %jmp T_1;
    .thread T_1;
    .scope S_0x2741ab0;
T_2 ;
    %set/v v0x275c9c0_0, 0, 32;
    %end;
    .thread T_2;
    .scope S_0x2741ab0;
T_3 ;
    %vpi_func 2 36 "$fopen", 8, 32, "bits.txt", "r";
    %set/v v0x275c7d0_0, 8, 32;
    %load/v 8, v0x275c7d0_0, 32;
    %cmpi/u 8, 0, 32;
    %inv 4, 1;
    %jmp/0xz  T_3.0, 4;
    %vpi_call 2 38 "$display", "File was opened successfully";
    %jmp T_3.1;
T_3.0 ;
    %vpi_call 2 39 "$display", "File was NOT opened successfully";
T_3.1 ;
    %movi 8, 95480, 32;
    %set/v v0x275c900_0, 8, 32;
T_3.2 ;
    %load/v 8, v0x275c900_0, 32;
    %cmp/s 0, 8, 32;
    %or 5, 4, 1;
    %jmp/0xz T_3.3, 5;
    %vpi_func 2 42 "$fgetc", 8, 32, v0x275c7d0_0;
    %set/v v0x275c5b0_0, 8, 32;
    %load/v 8, v0x275c5b0_0, 32;
    %movi 40, 49, 32;
    %cmp/u 8, 40, 32;
    %jmp/0xz  T_3.4, 4;
    %ix/getv/s 0, v0x275c900_0;
    %jmp/1 t_0, 4;
    %set/x0 v0x275cb50_0, 1, 1;
t_0 ;
    %jmp T_3.5;
T_3.4 ;
    %ix/getv/s 0, v0x275c900_0;
    %jmp/1 t_1, 4;
    %set/x0 v0x275cb50_0, 0, 1;
t_1 ;
T_3.5 ;
    %load/v 8, v0x275c900_0, 32;
    %subi 8, 1, 32;
    %set/v v0x275c900_0, 8, 32;
    %jmp T_3.2;
T_3.3 ;
    %vpi_call 2 51 "$fclose", v0x275c7d0_0;
    %end;
    .thread T_3;
    .scope S_0x2741ab0;
T_4 ;
    %vpi_func 2 56 "$fopen", 8, 32, "lfsr_output.txt", "w";
    %set/v v0x275c880_0, 8, 32;
    %movi 8, 95480, 32;
    %set/v v0x275c9c0_0, 8, 32;
    %set/v v0x275c670_0, 0, 1;
    %end;
    .thread T_4;
    .scope S_0x2741ab0;
T_5 ;
    %delay 1, 0;
    %load/v 8, v0x275c670_0, 1;
    %inv 8, 1;
    %set/v v0x275c670_0, 8, 1;
    %jmp T_5;
    .thread T_5;
    .scope S_0x2741ab0;
T_6 ;
    %delay 1, 0;
    %set/v v0x275c720_0, 0, 1;
    %delay 1, 0;
    %set/v v0x275c720_0, 1, 1;
    %end;
    .thread T_6;
    .scope S_0x2741ab0;
T_7 ;
    %wait E_0x2731c00;
    %load/v 8, v0x275c9c0_0, 32;
    %cmp/s 0, 8, 32;
    %or 5, 4, 1;
    %jmp/0xz  T_7.0, 5;
    %load/v 8, v0x275cbf0_0, 1;
    %mov 9, 0, 2;
    %cmpi/u 8, 1, 3;
    %mov 8, 4, 1;
    %load/v 9, v0x275cbf0_0, 1;
    %mov 10, 0, 1;
    %cmpi/u 9, 0, 2;
    %or 8, 4, 1;
    %jmp/0xz  T_7.2, 8;
    %ix/getv/s 1, v0x275c9c0_0;
    %jmp/1 T_7.4, 4;
    %load/x1p 8, v0x275cb50_0, 1;
    %jmp T_7.5;
T_7.4 ;
    %mov 8, 2, 1;
T_7.5 ;
; Save base=8 wid=1 in lookaside.
    %load/v 9, v0x275cbf0_0, 1;
    %xor 8, 9, 1;
    %set/v v0x275ca60_0, 8, 1;
    %vpi_call 2 73 "$fwrite", v0x275c880_0, "%d\012", v0x275ca60_0;
    %load/v 8, v0x275c9c0_0, 32;
    %mov 40, 39, 1;
    %subi 8, 1, 33;
    %set/v v0x275c9c0_0, 8, 32;
T_7.2 ;
T_7.0 ;
    %jmp T_7;
    .thread T_7;
    .scope S_0x2741ab0;
T_8 ;
    %delay 220000, 0;
    %vpi_call 2 82 "$dumpfile", "LFSR.vcd";
    %vpi_call 2 83 "$dumpvars", 1'sb0, S_0x2741ab0;
    %vpi_call 2 84 "$fclose", v0x275c880_0;
    %vpi_call 2 85 "$finish";
    %end;
    .thread T_8;
# The file index is used to find the file name in the following table.
:file_names 4;
    "N/A";
    "<interactive>";
    "testbench.sv";
    "design.sv";
